<?xml version="1.0" encoding="UTF-8"?>
<!-- Generated by org.testng.reporters.JUnitReportReporter -->
<testsuite hostname="HR-47" failures="0" tests="3" name="Day10_testng.ThirdTest" time="0.028" errors="0" timestamp="2024-03-28T11:13:24 IST" skipped="0">
  <testcase classname="Day10_testng.ThirdTest" name="test1" time="0.025"/>
  <testcase classname="Day10_testng.ThirdTest" name="test3" time="0.002"/>
  <testcase classname="Day10_testng.ThirdTest" name="test2" time="0.001"/>
</testsuite> <!-- Day10_testng.ThirdTest -->
