<?xml version="1.0" encoding="UTF-8"?>
<!-- Generated by org.testng.reporters.JUnitReportReporter -->
<testsuite hostname="HR-47" failures="0" tests="3" name="Day11.mercurylogin" time="8.725" errors="0" timestamp="2023-09-13T20:23:08 IST" skipped="0">
  <testcase classname="Day11.mercurylogin" name="Open_URL" time="6.908"/>
  <system-out/>
  <testcase classname="Day11.mercurylogin" name="enter_Data" time="1.642"/>
  <system-out/>
  <testcase classname="Day11.mercurylogin" name="Capture_home_page" time="0.175"/>
  <system-out/>
</testsuite> <!-- Day11.mercurylogin -->
