<?xml version="1.0" encoding="UTF-8"?>
<!-- Generated by org.testng.reporters.JUnitReportReporter -->
<testsuite hostname="HR-47" failures="0" tests="3" name="Day10_testng.ThirdTest" time="0.009" errors="0" timestamp="2023-09-13T12:46:52 IST" skipped="0">
  <testcase classname="Day10_testng.ThirdTest" name="test1" time="0.008"/>
  <system-out/>
  <testcase classname="Day10_testng.ThirdTest" name="test3" time="0.001"/>
  <system-out/>
  <testcase classname="Day10_testng.ThirdTest" name="test2" time="0.000"/>
  <system-out/>
</testsuite> <!-- Day10_testng.ThirdTest -->
