<?xml version="1.0" encoding="UTF-8"?>
<!-- Generated by org.testng.reporters.JUnitReportReporter -->
<testsuite hostname="HR-47" failures="0" tests="2" name="Day11.AnnotationDemo2" time="0.005" errors="0" timestamp="2023-09-05T19:32:32 IST" skipped="0">
  <testcase classname="Day11.AnnotationDemo2" name="Search" time="0.004"/>
  <system-out/>
  <testcase classname="Day11.AnnotationDemo2" name="AdvancedSearch" time="0.001"/>
  <system-out/>
</testsuite> <!-- Day11.AnnotationDemo2 -->
