<?xml version="1.0" encoding="UTF-8"?>
<!-- Generated by org.testng.reporters.JUnitReportReporter -->
<testsuite hostname="HR-47" failures="0" tests="3" name="Day11.GroupingDemo" time="0.009" errors="0" timestamp="2023-09-06T20:29:36 IST" skipped="0">
  <testcase classname="Day11.GroupingDemo" name="signupbyfacebook" time="0.006"/>
  <system-out/>
  <testcase classname="Day11.GroupingDemo" name="signupbytwitter" time="0.002"/>
  <system-out/>
  <testcase classname="Day11.GroupingDemo" name="paymentReturnbyBank" time="0.001"/>
  <system-out/>
</testsuite> <!-- Day11.GroupingDemo -->
