<?xml version="1.0" encoding="UTF-8"?>
<!-- Generated by org.testng.reporters.JUnitReportReporter -->
<testsuite hostname="HR-47" failures="0" tests="2" name="Day11.DataProviderDemo" time="5.966" errors="0" timestamp="2023-09-14T12:18:19 IST" skipped="0">
  <testcase classname="Day11.DataProviderDemo" name="testLogin" time="1.515"/>
  <system-out/>
  <testcase classname="Day11.DataProviderDemo" name="testLogin" time="4.451"/>
  <system-out/>
</testsuite> <!-- Day11.DataProviderDemo -->
