<?xml version="1.0" encoding="UTF-8"?>
<!-- Generated by org.testng.reporters.JUnitReportReporter -->
<testsuite hostname="HR-47" failures="0" tests="2" name="Mypack.class1" time="0.003" errors="0" timestamp="2023-09-13T12:51:39 IST" skipped="0">
  <testcase classname="Mypack.class1" name="abc" time="0.002"/>
  <system-out/>
  <testcase classname="Mypack.class1" name="abc" time="0.001"/>
  <system-out/>
</testsuite> <!-- Mypack.class1 -->
