<?xml version="1.0" encoding="UTF-8"?>
<!-- Generated by org.testng.reporters.JUnitReportReporter -->
<testsuite hostname="HR-47" failures="0" tests="10" name="Day11.invocationCountDemo" time="0.026" errors="0" timestamp="2024-04-03T10:50:53 IST" skipped="0">
  <testcase classname="Day11.invocationCountDemo" name="test" time="0.002"/>
  <testcase classname="Day11.invocationCountDemo" name="test" time="0.010"/>
  <testcase classname="Day11.invocationCountDemo" name="test" time="0.001"/>
  <testcase classname="Day11.invocationCountDemo" name="test" time="0.003"/>
  <testcase classname="Day11.invocationCountDemo" name="test" time="0.002"/>
  <testcase classname="Day11.invocationCountDemo" name="test" time="0.002"/>
  <testcase classname="Day11.invocationCountDemo" name="test" time="0.002"/>
  <testcase classname="Day11.invocationCountDemo" name="test" time="0.001"/>
  <testcase classname="Day11.invocationCountDemo" name="test" time="0.001"/>
  <testcase classname="Day11.invocationCountDemo" name="test" time="0.002"/>
</testsuite> <!-- Day11.invocationCountDemo -->
