<?xml version="1.0" encoding="UTF-8"?>
<!-- Generated by org.testng.reporters.JUnitReportReporter -->
<testsuite hostname="HR-47" failures="0" tests="2" name="Selenium_Grid.login_grid_demo" time="16.606" errors="0" timestamp="2023-09-22T12:28:05 IST" skipped="0">
  <testcase classname="Selenium_Grid.login_grid_demo" name="setup" time="5.877"/>
  <system-out/>
  <testcase classname="Selenium_Grid.login_grid_demo" name="login" time="10.729"/>
  <system-out/>
</testsuite> <!-- Selenium_Grid.login_grid_demo -->
