<?xml version="1.0" encoding="UTF-8"?>
<!-- Generated by org.testng.reporters.JUnitReportReporter -->
<testsuite hostname="HR-47" failures="0" tests="4" name="Day11.ParamTest" time="0.119" errors="0" timestamp="2023-09-07T20:37:58 IST" skipped="0">
  <testcase classname="Day11.ParamTest" name="testHomePageTitle" time="0.019"/>
  <system-out/>
  <testcase classname="Day11.ParamTest" name="testHomePageTitle" time="0.018"/>
  <system-out/>
  <testcase classname="Day11.ParamTest" name="testLogo" time="0.039"/>
  <system-out/>
  <testcase classname="Day11.ParamTest" name="testLogo" time="0.043"/>
  <system-out/>
</testsuite> <!-- Day11.ParamTest -->
