<?xml version="1.0" encoding="UTF-8"?>
<!-- Generated by org.testng.reporters.JUnitReportReporter -->
<testsuite hostname="HR-47" failures="0" tests="2" name="Mypack.class2" time="0.006" errors="0" timestamp="2023-09-13T12:51:39 IST" skipped="0">
  <testcase classname="Mypack.class2" name="xyz" time="0.005"/>
  <system-out/>
  <testcase classname="Mypack.class2" name="xyz" time="0.001"/>
  <system-out/>
</testsuite> <!-- Mypack.class2 -->
