<?xml version="1.0" encoding="UTF-8"?>
<!-- Generated by org.testng.reporters.JUnitReportReporter -->
<testsuite hostname="HR-47" failures="0" tests="1" name="Day10_testng.FirstTest" time="0.003" errors="0" timestamp="2023-09-13T12:46:52 IST" skipped="0">
  <testcase classname="Day10_testng.FirstTest" name="Search" time="0.003"/>
  <system-out/>
</testsuite> <!-- Day10_testng.FirstTest -->
