<?xml version="1.0" encoding="UTF-8"?>
<!-- Generated by org.testng.reporters.JUnitReportReporter -->
<testsuite hostname="HR-47" failures="0" tests="2" name="POM_DEMO.LoginTest" time="1.408" errors="0" timestamp="2023-09-08T20:51:30 IST" skipped="0">
  <testcase classname="POM_DEMO.LoginTest" name="testLogo" time="0.064"/>
  <system-out/>
  <testcase classname="POM_DEMO.LoginTest" name="testLogin" time="1.344"/>
  <system-out/>
</testsuite> <!-- POM_DEMO.LoginTest -->
