<?xml version="1.0" encoding="UTF-8"?>
<!-- Generated by org.testng.reporters.JUnitReportReporter -->
<testsuite hostname="HR-47" failures="0" tests="2" name="Day11.AllAnnotations" time="0.008" errors="0" timestamp="2023-09-05T20:23:21 IST" skipped="0">
  <testcase classname="Day11.AllAnnotations" name="tm1" time="0.007"/>
  <system-out/>
  <testcase classname="Day11.AllAnnotations" name="tm2" time="0.001"/>
  <system-out/>
</testsuite> <!-- Day11.AllAnnotations -->
