<?xml version="1.0" encoding="UTF-8"?>
<!-- Generated by org.testng.reporters.JUnitReportReporter -->
<testsuite hostname="HR-47" failures="0" tests="10" name="Day11.invocationCountDemo" time="0.021" errors="0" timestamp="2023-09-07T19:16:17 IST" skipped="0">
  <testcase classname="Day11.invocationCountDemo" name="test" time="0.014"/>
  <system-out/>
  <testcase classname="Day11.invocationCountDemo" name="test" time="0.001"/>
  <system-out/>
  <testcase classname="Day11.invocationCountDemo" name="test" time="0.001"/>
  <system-out/>
  <testcase classname="Day11.invocationCountDemo" name="test" time="0.001"/>
  <system-out/>
  <testcase classname="Day11.invocationCountDemo" name="test" time="0.001"/>
  <system-out/>
  <testcase classname="Day11.invocationCountDemo" name="test" time="0.001"/>
  <system-out/>
  <testcase classname="Day11.invocationCountDemo" name="test" time="0.001"/>
  <system-out/>
  <testcase classname="Day11.invocationCountDemo" name="test" time="0.000"/>
  <system-out/>
  <testcase classname="Day11.invocationCountDemo" name="test" time="0.000"/>
  <system-out/>
  <testcase classname="Day11.invocationCountDemo" name="test" time="0.001"/>
  <system-out/>
</testsuite> <!-- Day11.invocationCountDemo -->
