<?xml version="1.0" encoding="UTF-8"?>
<!-- Generated by org.testng.reporters.JUnitReportReporter -->
<testsuite hostname="HR-47" failures="0" tests="3" name="Day11.mercurylogin" time="11.423" errors="0" timestamp="2024-08-05T15:59:52 IST" skipped="0">
  <testcase classname="Day11.mercurylogin" name="Capture_home_page" time="0.252"/>
  <testcase classname="Day11.mercurylogin" name="enter_Data" time="3.218"/>
  <testcase classname="Day11.mercurylogin" name="Open_URL" time="7.953"/>
</testsuite> <!-- Day11.mercurylogin -->
