<?xml version="1.0" encoding="UTF-8"?>
<!-- Generated by org.testng.reporters.JUnitReportReporter -->
<testsuite hostname="HR-47" failures="0" tests="1" name="Day11.DataProviderDemo" time="5.129" errors="0" timestamp="2023-09-14T20:03:24 IST" skipped="0">
  <testcase classname="Day11.DataProviderDemo" name="testLogin" time="5.129"/>
</testsuite> <!-- Day11.DataProviderDemo -->
